  main.cpp
c:\users\shabre\documents\visual studio 2017\projects\vote_system\vote_system\login_logout.h : warning C4819: 현재 코드 페이지(949)에서 표시할 수 없는 문자가 파일에 들어 있습니다. 데이터가 손실되지 않게 하려면 해당 파일을 유니코드 형식으로 저장하십시오.
c:\users\shabre\documents\visual studio 2017\projects\vote_system\vote_system\vote.h(27): warning C4091: 'typedef ': 변수를 선언하지 않으면 'node' 왼쪽은 무시됩니다.
c:\users\shabre\documents\visual studio 2017\projects\vote_system\vote_system\votemanage.h : warning C4819: 현재 코드 페이지(949)에서 표시할 수 없는 문자가 파일에 들어 있습니다. 데이터가 손실되지 않게 하려면 해당 파일을 유니코드 형식으로 저장하십시오.
c:\users\shabre\documents\visual studio 2017\projects\vote_system\vote_system\membercontroller.h : warning C4819: 현재 코드 페이지(949)에서 표시할 수 없는 문자가 파일에 들어 있습니다. 데이터가 손실되지 않게 하려면 해당 파일을 유니코드 형식으로 저장하십시오.
c:\users\shabre\documents\visual studio 2017\projects\vote_system\vote_system\member.h : warning C4819: 현재 코드 페이지(949)에서 표시할 수 없는 문자가 파일에 들어 있습니다. 데이터가 손실되지 않게 하려면 해당 파일을 유니코드 형식으로 저장하십시오.
c:\users\shabre\documents\visual studio 2017\projects\vote_system\vote_system\user.h : warning C4819: 현재 코드 페이지(949)에서 표시할 수 없는 문자가 파일에 들어 있습니다. 데이터가 손실되지 않게 하려면 해당 파일을 유니코드 형식으로 저장하십시오.
c:\users\shabre\documents\visual studio 2017\projects\vote_system\vote_system\user.h : warning C4819: 현재 코드 페이지(949)에서 표시할 수 없는 문자가 파일에 들어 있습니다. 데이터가 손실되지 않게 하려면 해당 파일을 유니코드 형식으로 저장하십시오.
  코드를 생성하고 있습니다...
  컴파일하고 있습니다...
  setTime.cpp
c:\users\shabre\documents\visual studio 2017\projects\vote_system\vote_system\settime.cpp(16): warning C4996: 'localtime': This function or variable may be unsafe. Consider using localtime_s instead. To disable deprecation, use _CRT_SECURE_NO_WARNINGS. See online help for details.
  c:\program files (x86)\windows kits\10\include\10.0.15063.0\ucrt\time.h(505): note: 'localtime' 선언을 참조하십시오.
c:\users\shabre\documents\visual studio 2017\projects\vote_system\vote_system\settime.cpp(23): warning C4996: 'localtime': This function or variable may be unsafe. Consider using localtime_s instead. To disable deprecation, use _CRT_SECURE_NO_WARNINGS. See online help for details.
  c:\program files (x86)\windows kits\10\include\10.0.15063.0\ucrt\time.h(505): note: 'localtime' 선언을 참조하십시오.
c:\users\shabre\documents\visual studio 2017\projects\vote_system\vote_system\settime.cpp(61): warning C4996: 'localtime': This function or variable may be unsafe. Consider using localtime_s instead. To disable deprecation, use _CRT_SECURE_NO_WARNINGS. See online help for details.
  c:\program files (x86)\windows kits\10\include\10.0.15063.0\ucrt\time.h(505): note: 'localtime' 선언을 참조하십시오.
  코드를 생성하고 있습니다...
  vote_system.vcxproj -> C:\Users\shabre\Documents\Visual Studio 2017\Projects\vote_system\Debug\vote_system.exe
  vote_system.vcxproj -> C:\Users\shabre\Documents\Visual Studio 2017\Projects\vote_system\Debug\vote_system.pdb (Partial PDB)
